# JRE version: Java(TM) SE Runtime Environment (14.0.1+7) (build 14.0.1+7)
# Java VM: Java HotSpot(TM) 64-Bit Server VM (14.0.1+7, mixed mode, sharing, tiered, compressed oops, g1 gc, windows-amd64)
Heap:
 garbage-first heap   total 84992K, used 29990K [0x00000000c1800000, 0x0000000100000000)
  region size 1024K, 1 young (1024K), 1 survivors (1024K)
 Metaspace       used 61073K, capacity 62947K, committed 63152K, reserved 1103872K
  class space    used 8112K, capacity 8821K, committed 8880K, reserved 1048576K
GC Heap History (20 events):
Event: 19.309 GC heap after
{Heap after GC invocations=27 (full 0):
 garbage-first heap   total 70656K, used 23574K [0x00000000c1800000, 0x0000000100000000)
  region size 1024K, 3 young (3072K), 3 survivors (3072K)
 Metaspace       used 53073K, capacity 54720K, committed 54960K, reserved 1095680K
  class space    used 7168K, capacity 7800K, committed 7856K, reserved 1048576K
}
Event: 20.344 GC heap before
{Heap before GC invocations=27 (full 0):
 garbage-first heap   total 70656K, used 57366K [0x00000000c1800000, 0x0000000100000000)
  region size 1024K, 36 young (36864K), 3 survivors (3072K)
 Metaspace       used 55393K, capacity 57102K, committed 57392K, reserved 1097728K
  class space    used 7486K, capacity 8163K, committed 8240K, reserved 1048576K
}
Event: 20.360 GC heap after
{Heap after GC invocations=28 (full 0):
 garbage-first heap   total 70656K, used 25430K [0x00000000c1800000, 0x0000000100000000)
  region size 1024K, 4 young (4096K), 4 survivors (4096K)
 Metaspace       used 55393K, capacity 57102K, committed 57392K, reserved 1097728K
  class space    used 7486K, capacity 8163K, committed 8240K, reserved 1048576K
}
Event: 26.962 GC heap before
{Heap before GC invocations=28 (full 0):
 garbage-first heap   total 70656K, used 58198K [0x00000000c1800000, 0x0000000100000000)
  region size 1024K, 36 young (36864K), 4 survivors (4096K)
 Metaspace       used 58699K, capacity 60508K, committed 60592K, reserved 1101824K
  class space    used 7897K, capacity 8590K, committed 8624K, reserved 1048576K
}
Event: 27.000 GC heap after
{Heap after GC invocations=29 (full 0):
 garbage-first heap   total 70656K, used 27565K [0x00000000c1800000, 0x0000000100000000)
  region size 1024K, 5 young (5120K), 5 survivors (5120K)
 Metaspace       used 58699K, capacity 60508K, committed 60592K, reserved 1101824K
  class space    used 7897K, capacity 8590K, committed 8624K, reserved 1048576K
}
Event: 186.355 GC heap before
{Heap before GC invocations=29 (full 0):
 garbage-first heap   total 70656K, used 56237K [0x00000000c1800000, 0x0000000100000000)
  region size 1024K, 33 young (33792K), 5 survivors (5120K)
 Metaspace       used 60714K, capacity 62550K, committed 62640K, reserved 1103872K
  class space    used 8111K, capacity 8819K, committed 8880K, reserved 1048576K
}
Event: 186.384 GC heap after
{Heap after GC invocations=30 (full 0):
 garbage-first heap   total 70656K, used 29359K [0x00000000c1800000, 0x0000000100000000)
  region size 1024K, 4 young (4096K), 4 survivors (4096K)
 Metaspace       used 60714K, capacity 62550K, committed 62640K, reserved 1103872K
  class space    used 8111K, capacity 8819K, committed 8880K, reserved 1048576K
}
Event: 525.594 GC heap before
{Heap before GC invocations=30 (full 0):
 garbage-first heap   total 70656K, used 57007K [0x00000000c1800000, 0x0000000100000000)
  region size 1024K, 31 young (31744K), 4 survivors (4096K)
 Metaspace       used 60963K, capacity 62809K, committed 62896K, reserved 1103872K
  class space    used 8111K, capacity 8819K, committed 8880K, reserved 1048576K
}
Event: 525.615 GC heap after
{Heap after GC invocations=31 (full 0):
 garbage-first heap   total 70656K, used 29688K [0x00000000c1800000, 0x0000000100000000)
  region size 1024K, 3 young (3072K), 3 survivors (3072K)
 Metaspace       used 60963K, capacity 62809K, committed 62896K, reserved 1103872K
  class space    used 8111K, capacity 8819K, committed 8880K, reserved 1048576K
}
Event: 923.656 GC heap before
{Heap before GC invocations=31 (full 0):
 garbage-first heap   total 70656K, used 57336K [0x00000000c1800000, 0x0000000100000000)
  region size 1024K, 30 young (30720K), 3 survivors (3072K)
 Metaspace       used 60970K, capacity 62809K, committed 62896K, reserved 1103872K
  class space    used 8111K, capacity 8819K, committed 8880K, reserved 1048576K
}
Event: 923.664 GC heap after
{Heap after GC invocations=32 (full 0):
 garbage-first heap   total 70656K, used 29500K [0x00000000c1800000, 0x0000000100000000)
  region size 1024K, 2 young (2048K), 2 survivors (2048K)
 Metaspace       used 60970K, capacity 62809K, committed 62896K, reserved 1103872K
  class space    used 8111K, capacity 8819K, committed 8880K, reserved 1048576K
}
Event: 1351.018 GC heap before
{Heap before GC invocations=32 (full 0):
 garbage-first heap   total 70656K, used 59196K [0x00000000c1800000, 0x0000000100000000)
  region size 1024K, 31 young (31744K), 2 survivors (2048K)
 Metaspace       used 60987K, capacity 62809K, committed 62896K, reserved 1103872K
  class space    used 8111K, capacity 8819K, committed 8880K, reserved 1048576K
}
Event: 1351.027 GC heap after
{Heap after GC invocations=33 (full 0):
 garbage-first heap   total 70656K, used 29500K [0x00000000c1800000, 0x0000000100000000)
  region size 1024K, 2 young (2048K), 2 survivors (2048K)
 Metaspace       used 60987K, capacity 62809K, committed 62896K, reserved 1103872K
  class space    used 8111K, capacity 8819K, committed 8880K, reserved 1048576K
}
Event: 1772.314 GC heap before
{Heap before GC invocations=33 (full 0):
 garbage-first heap   total 70656K, used 59196K [0x00000000c1800000, 0x0000000100000000)
  region size 1024K, 31 young (31744K), 2 survivors (2048K)
 Metaspace       used 60995K, capacity 62812K, committed 62896K, reserved 1103872K
  class space    used 8112K, capacity 8820K, committed 8880K, reserved 1048576K
}
Event: 1772.324 GC heap after
{Heap after GC invocations=34 (full 0):
 garbage-first heap   total 70656K, used 29592K [0x00000000c1800000, 0x0000000100000000)
  region size 1024K, 3 young (3072K), 3 survivors (3072K)
 Metaspace       used 60995K, capacity 62812K, committed 62896K, reserved 1103872K
  class space    used 8112K, capacity 8820K, committed 8880K, reserved 1048576K
}
Event: 2151.591 GC heap before
{Heap before GC invocations=34 (full 0):
 garbage-first heap   total 70656K, used 58264K [0x00000000c1800000, 0x0000000100000000)
  region size 1024K, 31 young (31744K), 3 survivors (3072K)
 Metaspace       used 61051K, capacity 62883K, committed 63152K, reserved 1103872K
  class space    used 8112K, capacity 8821K, committed 8880K, reserved 1048576K
}
Event: 2152.238 GC heap after
{Heap after GC invocations=35 (full 0):
 garbage-first heap   total 70656K, used 29968K [0x00000000c1800000, 0x0000000100000000)
  region size 1024K, 3 young (3072K), 3 survivors (3072K)
 Metaspace       used 61051K, capacity 62883K, committed 63152K, reserved 1103872K
  class space    used 8112K, capacity 8821K, committed 8880K, reserved 1048576K
}
Event: 2673.707 GC heap before
{Heap before GC invocations=35 (full 0):
 garbage-first heap   total 70656K, used 58640K [0x00000000c1800000, 0x0000000100000000)
  region size 1024K, 31 young (31744K), 3 survivors (3072K)
 Metaspace       used 61073K, capacity 62947K, committed 63152K, reserved 1103872K
  class space    used 8112K, capacity 8821K, committed 8880K, reserved 1048576K
}
Event: 2678.602 GC heap after
{Heap after GC invocations=36 (full 0):
 garbage-first heap   total 70656K, used 30236K [0x00000000c1800000, 0x0000000100000000)
  region size 1024K, 1 young (1024K), 1 survivors (1024K)
 Metaspace       used 61073K, capacity 62947K, committed 63152K, reserved 1103872K
  class space    used 8112K, capacity 8821K, committed 8880K, reserved 1048576K
}
Event: 2707.652 GC heap before
{Heap before GC invocations=36 (full 0):
 garbage-first heap   total 70656K, used 32284K [0x00000000c1800000, 0x0000000100000000)
  region size 1024K, 3 young (3072K), 1 survivors (1024K)
 Metaspace       used 61073K, capacity 62947K, committed 63152K, reserved 1103872K
  class space    used 8112K, capacity 8821K, committed 8880K, reserved 1048576K
}

